Using pre-set license
Built from '2020.3/staging' branch; Version is '2020.3.30f1 (1fb1bf06830e) revision 2077119'; Using compiler version '192528614'; Build Type 'Release'
OS: 'Windows 10  (10.0.19044) 64bit Professional' Language: 'pt' Physical Memory: 16333 MB
BatchMode: 1, IsHumanControllingUs: 0, StartBugReporterOnCrash: 0, Is64bit: 1, IsPro: 0

COMMAND LINE ARGUMENTS:
C:\Program Files\Unity\Hub\Editor\2020.3.30f1\Editor\Unity.exe
-adb2
-batchMode
-noUpm
-name
AssetImportWorker0
-projectPath
E:/RobotGuardBTStarter/Arvore-de-Comportamento
-logFile
Logs/AssetImportWorker0.log
-srvPort
59274
Successfully changed project path to: E:/RobotGuardBTStarter/Arvore-de-Comportamento
E:/RobotGuardBTStarter/Arvore-de-Comportamento
Using Asset Import Pipeline V2.
Refreshing native plugins compatible for Editor in 37.07 ms, found 2 plugins.
Preloading 0 native plugins for Editor in 0.00 ms.
Initialize engine version: 2020.3.30f1 (1fb1bf06830e)
[Subsystems] Discovering subsystems at path C:/Program Files/Unity/Hub/Editor/2020.3.30f1/Editor/Data/Resources/UnitySubsystems
[Subsystems] Discovering subsystems at path E:/RobotGuardBTStarter/Arvore-de-Comportamento/Assets
GfxDevice: creating device client; threaded=0
Direct3D:
    Version:  Direct3D 11.0 [level 11.1]
    Renderer: NVIDIA GeForce RTX 2060 (ID=0x1e89)
    Vendor:   
    VRAM:     5958 MB
    Driver:   31.0.15.3598
Initialize mono
Mono path[0] = 'C:/Program Files/Unity/Hub/Editor/2020.3.30f1/Editor/Data/Managed'
Mono path[1] = 'C:/Program Files/Unity/Hub/Editor/2020.3.30f1/Editor/Data/MonoBleedingEdge/lib/mono/unityjit'
Mono config path = 'C:/Program Files/Unity/Hub/Editor/2020.3.30f1/Editor/Data/MonoBleedingEdge/etc'
Using monoOptions --debugger-agent=transport=dt_socket,embedding=1,server=y,suspend=n,address=127.0.0.1:56272
Begin MonoManager ReloadAssembly
Registering precompiled unity dll's ...
Register platform support module: C:/Program Files/Unity/Hub/Editor/2020.3.30f1/Editor/Data/PlaybackEngines/WindowsStandaloneSupport/UnityEditor.WindowsStandalone.Extensions.dll
Registered in 0.003179 seconds.
Native extension for WindowsStandalone target not found
Refreshing native plugins compatible for Editor in 40.10 ms, found 2 plugins.
Preloading 0 native plugins for Editor in 0.00 ms.
Mono: successfully reloaded assembly
- Completed reload, in  0.792 seconds
Domain Reload Profiling:
	ReloadAssembly (793ms)
		BeginReloadAssembly (91ms)
			ExecutionOrderSort (0ms)
			DisableScriptedObjects (0ms)
			BackupInstance (0ms)
			ReleaseScriptingObjects (0ms)
			CreateAndSetChildDomain (1ms)
		EndReloadAssembly (606ms)
			LoadAssemblies (87ms)
			RebuildTransferFunctionScriptingTraits (0ms)
			SetupTypeCache (187ms)
			ReleaseScriptCaches (0ms)
			RebuildScriptCaches (36ms)
			SetupLoadedEditorAssemblies (205ms)
				LogAssemblyErrors (0ms)
				InitializePlatformSupportModulesInManaged (5ms)
				SetLoadedEditorAssemblies (0ms)
				RefreshPlugins (40ms)
				BeforeProcessingInitializeOnLoad (20ms)
				ProcessInitializeOnLoadAttributes (102ms)
				ProcessInitializeOnLoadMethodAttributes (37ms)
				AfterProcessingInitializeOnLoad (0ms)
				EditorAssembliesLoaded (0ms)
			ExecutionOrderSort2 (0ms)
			AwakeInstancesAfterBackupRestoration (0ms)
Platform modules already initialized, skipping
Registering precompiled user dll's ...
Registered in 0.004232 seconds.
Begin MonoManager ReloadAssembly
Native extension for WindowsStandalone target not found
Refreshing native plugins compatible for Editor in 0.36 ms, found 2 plugins.
Preloading 0 native plugins for Editor in 0.00 ms.
Mono: successfully reloaded assembly
- Completed reload, in  1.259 seconds
Domain Reload Profiling:
	ReloadAssembly (1260ms)
		BeginReloadAssembly (191ms)
			ExecutionOrderSort (0ms)
			DisableScriptedObjects (6ms)
			BackupInstance (0ms)
			ReleaseScriptingObjects (0ms)
			CreateAndSetChildDomain (19ms)
		EndReloadAssembly (987ms)
			LoadAssemblies (125ms)
			RebuildTransferFunctionScriptingTraits (0ms)
			SetupTypeCache (329ms)
			ReleaseScriptCaches (1ms)
			RebuildScriptCaches (50ms)
			SetupLoadedEditorAssemblies (385ms)
				LogAssemblyErrors (0ms)
				InitializePlatformSupportModulesInManaged (5ms)
				SetLoadedEditorAssemblies (1ms)
				RefreshPlugins (0ms)
				BeforeProcessingInitializeOnLoad (101ms)
				ProcessInitializeOnLoadAttributes (253ms)
				ProcessInitializeOnLoadMethodAttributes (11ms)
				AfterProcessingInitializeOnLoad (13ms)
				EditorAssembliesLoaded (0ms)
			ExecutionOrderSort2 (0ms)
			AwakeInstancesAfterBackupRestoration (9ms)
Platform modules already initialized, skipping
========================================================================
Worker process is ready to serve import requests
Launched and connected shader compiler UnityShaderCompiler.exe after 0.23 seconds
Refreshing native plugins compatible for Editor in 0.34 ms, found 2 plugins.
Preloading 0 native plugins for Editor in 0.00 ms.
Unloading 1528 Unused Serialized files (Serialized files now loaded: 0)
System memory in use before: 69.6 MB.
System memory in use after: 69.6 MB.

Unloading 18 unused Assets to reduce memory usage. Loaded Objects now: 1964.
Total: 3.387400 ms (FindLiveObjects: 0.158500 ms CreateObjectMapping: 0.038800 ms MarkObjects: 3.088000 ms  DeleteObjects: 0.100800 ms)

AssetImportParameters requested are different than current active one (requested -> active):
  custom:framework-win-MediaFoundation: 216162199b28c13a410421893ffa2e32 -> 
  custom:video-decoder-ogg-theora: a1e56fd34408186e4bbccfd4996cb3dc -> 
  custom:container-muxer-webm: aa71ff27fc2769a1b78a27578f13a17b -> 
  custom:container-demuxer-webm: 4f35f7cbe854078d1ac9338744f61a02 -> 
  custom:container-demuxer-ogg: 62fdf1f143b41e24485cea50d1cbac27 -> 
  custom:video-encoder-webm-vp8: eb34c28f22e8b96e1ab97ce403110664 -> 
  custom:video-decoder-webm-vp8: 9c59270c3fd7afecdb556c50c9e8de78 -> 
  custom:audio-decoder-ogg-vorbis: bf7c407c2cedff20999df2af8eb42d56 -> 
  custom:audio-encoder-webm-vorbis: bf7c407c2cedff20999df2af8eb42d56 -> 
========================================================================
Received Import Request.
  path: Assets/Scripts/New Panda Script.BT.txt
  artifactKey: Guid(d8222f2c390c8e549aba7953d9bbca9e) Importer(815301076,1909f56bfc062723c751e8b465ee728b)
Start importing Assets/Scripts/New Panda Script.BT.txt using Guid(d8222f2c390c8e549aba7953d9bbca9e) Importer(815301076,1909f56bfc062723c751e8b465ee728b)  -> (artifact id: '57499971056336548b3703435fcc099c') in 0.097055 seconds 
========================================================================
Received Import Request.
  Time since last request: 0.959599 seconds.
  path: Assets/Scripts/ESTRUTURA.txt
  artifactKey: Guid(d8222f2c390c8e549aba7953d9bbca9e) Importer(815301076,1909f56bfc062723c751e8b465ee728b)
Start importing Assets/Scripts/ESTRUTURA.txt using Guid(d8222f2c390c8e549aba7953d9bbca9e) Importer(815301076,1909f56bfc062723c751e8b465ee728b)  -> (artifact id: '89a5c856c2bde3e6c9d37c3c3a5e05b2') in 0.008439 seconds 
========================================================================
Received Import Request.
  Time since last request: 215.145102 seconds.
  path: Assets/Scripts/ESTRUTURA.txt
  artifactKey: Guid(d8222f2c390c8e549aba7953d9bbca9e) Importer(815301076,1909f56bfc062723c751e8b465ee728b)
Start importing Assets/Scripts/ESTRUTURA.txt using Guid(d8222f2c390c8e549aba7953d9bbca9e) Importer(815301076,1909f56bfc062723c751e8b465ee728b)  -> (artifact id: 'ee04e1eebeea185d0471e95af389172e') in 0.003001 seconds 
========================================================================
Received Import Request.
  Time since last request: 29.237094 seconds.
  path: Assets/Scripts/New Panda Script.BT.txt
  artifactKey: Guid(2ebaf5e6c83a50143afd944fdce94dac) Importer(815301076,1909f56bfc062723c751e8b465ee728b)
Start importing Assets/Scripts/New Panda Script.BT.txt using Guid(2ebaf5e6c83a50143afd944fdce94dac) Importer(815301076,1909f56bfc062723c751e8b465ee728b)  -> (artifact id: 'c14f46917bf5f54354ebf3a3f7da8598') in 0.004258 seconds 
========================================================================
Received Import Request.
  Time since last request: 3.917609 seconds.
  path: Assets/Scripts/ATTACK.txt
  artifactKey: Guid(2ebaf5e6c83a50143afd944fdce94dac) Importer(815301076,1909f56bfc062723c751e8b465ee728b)
Start importing Assets/Scripts/ATTACK.txt using Guid(2ebaf5e6c83a50143afd944fdce94dac) Importer(815301076,1909f56bfc062723c751e8b465ee728b)  -> (artifact id: '175ae9f21f7a51938c7ae1b8e6b69d79') in 0.008344 seconds 
========================================================================
Received Import Request.
  Time since last request: 170.133780 seconds.
  path: Assets/Scripts/ATTACK.txt
  artifactKey: Guid(2ebaf5e6c83a50143afd944fdce94dac) Importer(815301076,1909f56bfc062723c751e8b465ee728b)
Start importing Assets/Scripts/ATTACK.txt using Guid(2ebaf5e6c83a50143afd944fdce94dac) Importer(815301076,1909f56bfc062723c751e8b465ee728b)  -> (artifact id: 'e2f20ad9daaa8811906580be4752d5d2') in 0.003224 seconds 
========================================================================
Received Import Request.
  Time since last request: 209.484248 seconds.
  path: Assets/Scripts/New Panda Script.BT.txt
  artifactKey: Guid(6878f730ecb6f7e41a4b26de8701a89b) Importer(815301076,1909f56bfc062723c751e8b465ee728b)
Start importing Assets/Scripts/New Panda Script.BT.txt using Guid(6878f730ecb6f7e41a4b26de8701a89b) Importer(815301076,1909f56bfc062723c751e8b465ee728b)  -> (artifact id: '4ead6048edad46b676d620477435f30e') in 0.003816 seconds 
========================================================================
Received Import Request.
  Time since last request: 3.142856 seconds.
  path: Assets/Scripts/BoatAI.txt
  artifactKey: Guid(6878f730ecb6f7e41a4b26de8701a89b) Importer(815301076,1909f56bfc062723c751e8b465ee728b)
Start importing Assets/Scripts/BoatAI.txt using Guid(6878f730ecb6f7e41a4b26de8701a89b) Importer(815301076,1909f56bfc062723c751e8b465ee728b)  -> (artifact id: '87050c5dcc13f76cef0be73da73a38f0') in 0.007544 seconds 
========================================================================
Received Import Request.
  Time since last request: 395.174570 seconds.
  path: Assets/Scripts/BoatAI.txt
  artifactKey: Guid(6878f730ecb6f7e41a4b26de8701a89b) Importer(815301076,1909f56bfc062723c751e8b465ee728b)
Start importing Assets/Scripts/BoatAI.txt using Guid(6878f730ecb6f7e41a4b26de8701a89b) Importer(815301076,1909f56bfc062723c751e8b465ee728b)  -> (artifact id: '44cfc2b446ebbdf900d11adc1325fe2a') in 0.004372 seconds 
========================================================================
Received Import Request.
  Time since last request: 4.132639 seconds.
  path: Assets/Scripts/ai1.cs
  artifactKey: Guid(9642b35f4330a2945ba41109e8f1070a) Importer(815301076,1909f56bfc062723c751e8b465ee728b)
Start importing Assets/Scripts/ai1.cs using Guid(9642b35f4330a2945ba41109e8f1070a) Importer(815301076,1909f56bfc062723c751e8b465ee728b)  -> (artifact id: 'd19c49571950cda04e4b580c5efa50da') in 0.033481 seconds 
========================================================================
Received Import Request.
  Time since last request: 69.524047 seconds.
  path: Assets/Scripts/ai1.cs
  artifactKey: Guid(9642b35f4330a2945ba41109e8f1070a) Importer(815301076,1909f56bfc062723c751e8b465ee728b)
Start importing Assets/Scripts/ai1.cs using Guid(9642b35f4330a2945ba41109e8f1070a) Importer(815301076,1909f56bfc062723c751e8b465ee728b)  -> (artifact id: 'cf0b8a02db84b950596766297bfd39fa') in 0.002330 seconds 
========================================================================
Received Prepare
Registering precompiled user dll's ...
Registered in 0.003323 seconds.
Begin MonoManager ReloadAssembly
Native extension for WindowsStandalone target not found
Refreshing native plugins compatible for Editor in 0.75 ms, found 2 plugins.
Preloading 0 native plugins for Editor in 0.00 ms.
Mono: successfully reloaded assembly
- Completed reload, in  1.238 seconds
Domain Reload Profiling:
	ReloadAssembly (1239ms)
		BeginReloadAssembly (141ms)
			ExecutionOrderSort (0ms)
			DisableScriptedObjects (6ms)
			BackupInstance (0ms)
			ReleaseScriptingObjects (0ms)
			CreateAndSetChildDomain (39ms)
		EndReloadAssembly (1004ms)
			LoadAssemblies (116ms)
			RebuildTransferFunctionScriptingTraits (0ms)
			SetupTypeCache (315ms)
			ReleaseScriptCaches (1ms)
			RebuildScriptCaches (48ms)
			SetupLoadedEditorAssemblies (411ms)
				LogAssemblyErrors (0ms)
				InitializePlatformSupportModulesInManaged (12ms)
				SetLoadedEditorAssemblies (1ms)
				RefreshPlugins (1ms)
				BeforeProcessingInitializeOnLoad (105ms)
				ProcessInitializeOnLoadAttributes (268ms)
				ProcessInitializeOnLoadMethodAttributes (11ms)
				AfterProcessingInitializeOnLoad (12ms)
				EditorAssembliesLoaded (0ms)
			ExecutionOrderSort2 (0ms)
			AwakeInstancesAfterBackupRestoration (13ms)
Platform modules already initialized, skipping
Refreshing native plugins compatible for Editor in 0.37 ms, found 2 plugins.
Preloading 0 native plugins for Editor in 0.00 ms.
Unloading 1522 Unused Serialized files (Serialized files now loaded: 0)
System memory in use before: 69.4 MB.
System memory in use after: 69.5 MB.

Unloading 13 unused Assets to reduce memory usage. Loaded Objects now: 1966.
Total: 2.935500 ms (FindLiveObjects: 0.129500 ms CreateObjectMapping: 0.039700 ms MarkObjects: 2.745500 ms  DeleteObjects: 0.019900 ms)

AssetImportParameters requested are different than current active one (requested -> active):
  custom:framework-win-MediaFoundation: 216162199b28c13a410421893ffa2e32 -> 
  custom:video-decoder-ogg-theora: a1e56fd34408186e4bbccfd4996cb3dc -> 
  custom:container-muxer-webm: aa71ff27fc2769a1b78a27578f13a17b -> 
  custom:container-demuxer-webm: 4f35f7cbe854078d1ac9338744f61a02 -> 
  custom:container-demuxer-ogg: 62fdf1f143b41e24485cea50d1cbac27 -> 
  custom:video-encoder-webm-vp8: eb34c28f22e8b96e1ab97ce403110664 -> 
  custom:video-decoder-webm-vp8: 9c59270c3fd7afecdb556c50c9e8de78 -> 
  custom:audio-decoder-ogg-vorbis: bf7c407c2cedff20999df2af8eb42d56 -> 
  custom:audio-encoder-webm-vorbis: bf7c407c2cedff20999df2af8eb42d56 -> 
========================================================================
Received Import Request.
  Time since last request: 896.097122 seconds.
  path: Assets/Scripts/AI.cs
  artifactKey: Guid(7c3da9624d5beec4c957da88e54b155f) Importer(815301076,1909f56bfc062723c751e8b465ee728b)
Start importing Assets/Scripts/AI.cs using Guid(7c3da9624d5beec4c957da88e54b155f) Importer(815301076,1909f56bfc062723c751e8b465ee728b)  -> (artifact id: '5998dd54c94c1a9558848382544655d8') in 0.012158 seconds 
========================================================================
Received Import Request.
  Time since last request: 549.359468 seconds.
  path: Assets/Scripts/New Panda Script.BT.txt
  artifactKey: Guid(738aae4d808c5d94486845eb153a6ada) Importer(815301076,1909f56bfc062723c751e8b465ee728b)
Start importing Assets/Scripts/New Panda Script.BT.txt using Guid(738aae4d808c5d94486845eb153a6ada) Importer(815301076,1909f56bfc062723c751e8b465ee728b)  -> (artifact id: 'cb36c975e5faea3f35c24d1b74ff838c') in 0.013069 seconds 
========================================================================
Received Import Request.
  Time since last request: 28.046971 seconds.
  path: Assets/Scripts/Attack.txt
  artifactKey: Guid(738aae4d808c5d94486845eb153a6ada) Importer(815301076,1909f56bfc062723c751e8b465ee728b)
Start importing Assets/Scripts/Attack.txt using Guid(738aae4d808c5d94486845eb153a6ada) Importer(815301076,1909f56bfc062723c751e8b465ee728b)  -> (artifact id: '0b5596c450749c4b68bcaea4662c2e82') in 0.009189 seconds 
========================================================================
Received Import Request.
  Time since last request: 57.987404 seconds.
  path: Assets/Scripts/Attack.txt
  artifactKey: Guid(738aae4d808c5d94486845eb153a6ada) Importer(815301076,1909f56bfc062723c751e8b465ee728b)
Start importing Assets/Scripts/Attack.txt using Guid(738aae4d808c5d94486845eb153a6ada) Importer(815301076,1909f56bfc062723c751e8b465ee728b)  -> (artifact id: '080bd04882702be049473734b7b26442') in 0.003411 seconds 
========================================================================
Received Prepare
Registering precompiled user dll's ...
Registered in 0.003504 seconds.
Begin MonoManager ReloadAssembly
Native extension for WindowsStandalone target not found
Refreshing native plugins compatible for Editor in 0.80 ms, found 2 plugins.
Preloading 0 native plugins for Editor in 0.00 ms.
Mono: successfully reloaded assembly
- Completed reload, in  1.159 seconds
Domain Reload Profiling:
	ReloadAssembly (1159ms)
		BeginReloadAssembly (138ms)
			ExecutionOrderSort (0ms)
			DisableScriptedObjects (5ms)
			BackupInstance (0ms)
			ReleaseScriptingObjects (0ms)
			CreateAndSetChildDomain (33ms)
		EndReloadAssembly (941ms)
			LoadAssemblies (120ms)
			RebuildTransferFunctionScriptingTraits (0ms)
			SetupTypeCache (309ms)
			ReleaseScriptCaches (1ms)
			RebuildScriptCaches (47ms)
			SetupLoadedEditorAssemblies (368ms)
				LogAssemblyErrors (0ms)
				InitializePlatformSupportModulesInManaged (6ms)
				SetLoadedEditorAssemblies (10ms)
				RefreshPlugins (1ms)
				BeforeProcessingInitializeOnLoad (100ms)
				ProcessInitializeOnLoadAttributes (229ms)
				ProcessInitializeOnLoadMethodAttributes (11ms)
				AfterProcessingInitializeOnLoad (12ms)
				EditorAssembliesLoaded (0ms)
			ExecutionOrderSort2 (0ms)
			AwakeInstancesAfterBackupRestoration (8ms)
Platform modules already initialized, skipping
Refreshing native plugins compatible for Editor in 0.45 ms, found 2 plugins.
Preloading 0 native plugins for Editor in 0.00 ms.
Unloading 1522 Unused Serialized files (Serialized files now loaded: 0)
System memory in use before: 69.4 MB.
System memory in use after: 69.6 MB.

Unloading 13 unused Assets to reduce memory usage. Loaded Objects now: 1968.
Total: 3.148300 ms (FindLiveObjects: 0.190000 ms CreateObjectMapping: 0.051600 ms MarkObjects: 2.882500 ms  DeleteObjects: 0.023500 ms)

AssetImportParameters requested are different than current active one (requested -> active):
  custom:framework-win-MediaFoundation: 216162199b28c13a410421893ffa2e32 -> 
  custom:video-decoder-ogg-theora: a1e56fd34408186e4bbccfd4996cb3dc -> 
  custom:container-muxer-webm: aa71ff27fc2769a1b78a27578f13a17b -> 
  custom:container-demuxer-webm: 4f35f7cbe854078d1ac9338744f61a02 -> 
  custom:container-demuxer-ogg: 62fdf1f143b41e24485cea50d1cbac27 -> 
  custom:video-encoder-webm-vp8: eb34c28f22e8b96e1ab97ce403110664 -> 
  custom:video-decoder-webm-vp8: 9c59270c3fd7afecdb556c50c9e8de78 -> 
  custom:audio-decoder-ogg-vorbis: bf7c407c2cedff20999df2af8eb42d56 -> 
  custom:audio-encoder-webm-vorbis: bf7c407c2cedff20999df2af8eb42d56 -> 
AssetImportWorkerClient::OnTransportError - code=2 error=End of file
